C51 COMPILER V9.54   MAIN                                                                  03/14/2024 20:57:18 PAGE 1   


C51 COMPILER V9.54, COMPILATION OF MODULE MAIN
OBJECT MODULE PLACED IN .\Objects\main.obj
COMPILER INVOKED BY: D:\Keil5C51\C51\BIN\C51.EXE main.c OPTIMIZE(8,SPEED) BROWSE DEBUG OBJECTEXTEND PRINT(.\Listings\mai
                    -n.lst) TABS(2) OBJECT(.\Objects\main.obj)

line level    source

   1          #include <REGX52.H>
   2          #include <INTRINS.H>
   3          
   4          /*
   5          * 延时 500 毫秒
   6          * STC-ISP 软件延时计算器生成
   7          * 系统频率 12 MHz，点时长度 1 毫秒，8051 指令集 STC-Y1
   8          */
   9          void Delay500ms(void) { //@12.000MHz
  10   1        unsigned char i, j, k;
  11   1      
  12   1        _nop_();
  13   1        i = 4;
  14   1        j = 205;
  15   1        k = 187;
  16   1        do {
  17   2          do {
  18   3            while (--k);
  19   3          } while (--j);
  20   2        } while (--i);
  21   1      }
  22          
  23          void main() {
  24   1        // LED 流水灯亮灭
  25   1        while (1) {
  26   2          P2 = 0xFE; // 1111 1110 -> 只有 D1 LED 灯亮
  27   2          Delay500ms();
  28   2          P2 = 0xFD; // 1111 1101 -> 只有 D2 LED 灯亮
  29   2          Delay500ms();
  30   2          P2 = 0xFB; // 1111 1011 -> 只有 D3 LED 灯亮
  31   2          Delay500ms(); 
  32   2          P2 = 0xF7; // 1111 0111 -> 只有 D4 LED 灯亮
  33   2          Delay500ms();
  34   2          P2 = 0xEF; // 1110 1111 -> 只有 D5 LED 灯亮
  35   2          Delay500ms(); 
  36   2          P2 = 0xDF; // 1101 1111 -> 只有 D6 LED 灯亮
  37   2          Delay500ms();
  38   2          P2 = 0xBF; // 1011 1111 -> 只有 D7 LED 灯亮
  39   2          Delay500ms(); 
  40   2          P2 = 0x7F; // 0111 1111 -> 只有 D8 LED 灯亮
  41   2          Delay500ms();
  42   2        }
  43   1      }


MODULE INFORMATION:   STATIC OVERLAYABLE
   CODE SIZE        =     64    ----
   CONSTANT SIZE    =   ----    ----
   XDATA SIZE       =   ----    ----
   PDATA SIZE       =   ----    ----
   DATA SIZE        =   ----    ----
   IDATA SIZE       =   ----    ----
   BIT SIZE         =   ----    ----
END OF MODULE INFORMATION.

C51 COMPILER V9.54   MAIN                                                                  03/14/2024 20:57:18 PAGE 2   


C51 COMPILATION COMPLETE.  0 WARNING(S),  0 ERROR(S)
