C51 COMPILER V9.54   DELAY                                                                 03/17/2024 12:46:24 PAGE 1   


C51 COMPILER V9.54, COMPILATION OF MODULE DELAY
OBJECT MODULE PLACED IN .\Objects\delay.obj
COMPILER INVOKED BY: D:\Keil5C51\C51\BIN\C51.EXE delay.c OPTIMIZE(8,SPEED) BROWSE DEBUG OBJECTEXTEND PRINT(.\Listings\de
                    -lay.lst) TABS(2) OBJECT(.\Objects\delay.obj)

line level    source

   1          // —” ± 1 ∫¡√Î
   2          void Delayms(unsigned int xms) {  //@12.000MHz
   3   1        unsigned char data i, j;
   4   1        while(xms --) {
   5   2          i = 2;
   6   2          j = 239;
   7   2          do {
   8   3            while (--j);
   9   3          } while (--i);
  10   2        }
  11   1      }


MODULE INFORMATION:   STATIC OVERLAYABLE
   CODE SIZE        =     21    ----
   CONSTANT SIZE    =   ----    ----
   XDATA SIZE       =   ----    ----
   PDATA SIZE       =   ----    ----
   DATA SIZE        =   ----    ----
   IDATA SIZE       =   ----    ----
   BIT SIZE         =   ----    ----
END OF MODULE INFORMATION.


C51 COMPILATION COMPLETE.  0 WARNING(S),  0 ERROR(S)
