C51 COMPILER V9.54   NIXIE                                                                 03/17/2024 12:44:31 PAGE 1   


C51 COMPILER V9.54, COMPILATION OF MODULE NIXIE
OBJECT MODULE PLACED IN .\Objects\nixie.obj
COMPILER INVOKED BY: D:\Keil5C51\C51\BIN\C51.EXE nixie.c OPTIMIZE(8,SPEED) BROWSE DEBUG OBJECTEXTEND PRINT(.\Listings\ni
                    -xie.lst) TABS(2) OBJECT(.\Objects\nixie.obj)

line level    source

   1          #include <REGX52.H>
   2          #include "delay.h"
   3          
   4          /*
   5          * 数码管数字：0 1 2 3 4 5 6 7 8 9
   6          * nixie 显示顺序：dp g f e d c b a
   7          * 0：a1 b1 c1 d1 e1 f1 g0 dp0 -> 0011 1111 -> 0x3F
   8          * 1: a0 b1 c1 d0 e0 f0 g0 dp0 -> 0000 0110 -> 0x06
   9          * 2: a1 b1 c0 d1 e1 f0 g1 dp0 -> 0101 1011 -> 0x5B
  10          * 3: a1 b1 c1 d1 e0 f0 g1 dp0 -> 0100 1111 -> 0x4F
  11          * 4: a0 b1 c1 d0 e0 f1 g1 dp0 -> 0110 0110 -> 0x66
  12          * 5: a1 b0 c1 d1 e0 f1 g1 dp0 -> 0110 1101 -> 0x6D
  13          * 6: a1 b0 c1 d1 e1 f1 g1 dp0 -> 0111 1101 -> 0x7D
  14          * 7: a1 b1 c1 d0 e0 f0 g0 dp0 -> 0000 0111 -> 0x07
  15          * 8: a1 b1 c1 d1 e1 f1 g1 dp0 -> 0111 1111 -> 0x7F
  16          * 9: a1 b1 c1 d1 e0 f1 g1 dp0 -> 0110 1111 -> 0x6F
  17          */
  18          unsigned char nixieTable[] = {0x3F, 0x06, 0x5B, 0x4F, 0x66, 0x6D, 0x7D, 0x07, 0x7F, 0x6F};
  19          
  20          /* 
  21          * 数码管从左往右位置 1~8 显示数字 0~9
  22          * 实际管位：LED8 LED7 LED6 LED5 LED4 LED3 LED2 LED1
  23          */
  24          void nixie(unsigned char location, number) {
  25   1        switch (location) {
  26   2          case 1: P2_4 =1; P2_3 = 1; P2_2 = 1; break;
  27   2          case 2: P2_4 =1; P2_3 = 1; P2_2 = 0; break;
  28   2          case 3: P2_4 =1; P2_3 = 0; P2_2 = 1; break;
  29   2          case 4: P2_4 =1; P2_3 = 0; P2_2 = 0; break;
  30   2          case 5: P2_4 =0; P2_3 = 1; P2_2 = 1; break;
  31   2          case 6: P2_4 =0; P2_3 = 1; P2_2 = 0; break;
  32   2          case 7: P2_4 =0; P2_3 = 0; P2_2 = 1; break;
  33   2          case 8: P2_4 =0; P2_3 = 0; P2_2 = 0; break;
  34   2        }
  35   1        
  36   1        P0 = nixieTable[number];
  37   1        
  38   1        /* 
  39   1          数码管消影：[位选 段选] [位选 段选] [位选 段选]
  40   1          过程：
  41   1          1.首先先选择位（第几个 LED），然后再显示段（数据 -> 数字）
  42   1          2.重复第一步，再重复第一步
  43   1          3.因为单片机速度很快，中间就会出现问题(位选 [段选 位选] 段选)，在选中下一个位选的这个时刻，
  44   1          很短的时刻内，上一个数据就会串到下一位数据里面去，因为两者紧挨在一起，需要清零。
  45   1          4.清零让数据不要串位：位选 段选 [清零] 位选 段选
  46   1        */
  47   1      
  48   1        // 稳定显示，如果立马清零，数码管就会变暗
  49   1        Delayms(1);
  50   1        // 清零
  51   1        P0 = 0x00;
  52   1      }


C51 COMPILER V9.54   NIXIE                                                                 03/17/2024 12:44:31 PAGE 2   

MODULE INFORMATION:   STATIC OVERLAYABLE
   CODE SIZE        =    109    ----
   CONSTANT SIZE    =   ----    ----
   XDATA SIZE       =   ----    ----
   PDATA SIZE       =   ----    ----
   DATA SIZE        =     10    ----
   IDATA SIZE       =   ----    ----
   BIT SIZE         =   ----    ----
END OF MODULE INFORMATION.


C51 COMPILATION COMPLETE.  0 WARNING(S),  0 ERROR(S)
