C51 COMPILER V9.54   MAIN                                                                  03/14/2024 20:45:31 PAGE 1   


C51 COMPILER V9.54, COMPILATION OF MODULE MAIN
OBJECT MODULE PLACED IN .\Objects\main.obj
COMPILER INVOKED BY: D:\Keil5C51\C51\BIN\C51.EXE main.c OPTIMIZE(8,SPEED) BROWSE DEBUG OBJECTEXTEND PRINT(.\Listings\mai
                    -n.lst) TABS(2) OBJECT(.\Objects\main.obj)

line level    source

   1          #include <REGX52.H>
   2          
   3          // 延时 1 毫秒
   4          void Delayms(unsigned int xms) {  //@12.000MHz
   5   1        unsigned char data i, j;
   6   1        while(xms --) {
   7   2          i = 2;
   8   2          j = 239;
   9   2          do {
  10   3            while (--j);
  11   3          } while (--i);
  12   2        }
  13   1      }
  14          
  15          void main() {
  16   1        // 寄存器 8 位变量
  17   1        unsigned char LEDNum = 0;
  18   1        
  19   1        // 独立按键控制 LED 显示二进制
  20   1        while (1) {
  21   2          // 判断 K1 按钮是否按住
  22   2          if (P3_1 == 0) {
  23   3            // 按键消抖
  24   3            Delayms(20);
  25   3            // 检测松手
  26   3            while(P3_1 == 0);
  27   3            // 按键消抖
  28   3            Delayms(20);
  29   3            
  30   3            // 默认上电高电平 1111 1111
  31   3            // 如果 P2 ++; // 溢出，0000 0000
  32   3            LEDNum ++;
  33   3            // 把临时变量按位取反赋值给 P2，LEDNum 只读取反后值不变
  34   3            P2 = ~LEDNum;
  35   3          }
  36   2        }
  37   1      }


MODULE INFORMATION:   STATIC OVERLAYABLE
   CODE SIZE        =     50    ----
   CONSTANT SIZE    =   ----    ----
   XDATA SIZE       =   ----    ----
   PDATA SIZE       =   ----    ----
   DATA SIZE        =   ----    ----
   IDATA SIZE       =   ----    ----
   BIT SIZE         =   ----    ----
END OF MODULE INFORMATION.


C51 COMPILATION COMPLETE.  0 WARNING(S),  0 ERROR(S)
